This file contains any messages produced by compilers while
running configure, to aid debugging if configure makes a mistake.

It was created by tdbcpostgres configure 1.0.5, which was
generated by GNU Autoconf 2.69.  Invocation command line was

  $ /Users/dominickhera/posaRepo/year3/cis2750/a3/src/tcl8.6.7/pkgs/tdbcpostgres1.0.5/configure --with-tcl=../.. --with-tclinclude=/Users/dominickhera/posaRepo/year3/cis2750/a3/src/tcl8.6.7/generic -C --prefix=/usr/local --bindir=/usr/local/bin --libdir=/Library/Frameworks --mandir=/usr/local/man --enable-threads --enable-framework --enable-dtrace --enable-symbols --cache-file=../../config.cache --libdir=/Library/Tcl --enable-shared --enable-threads

## --------- ##
## Platform. ##
## --------- ##

hostname = Dominicks-MacBook-Pro.local
uname -m = x86_64
uname -r = 17.2.0
uname -s = Darwin
uname -v = Darwin Kernel Version 17.2.0: Fri Sep 29 18:27:05 PDT 2017; root:xnu-4570.20.62~3/RELEASE_X86_64

/usr/bin/uname -p = i386
/bin/uname -X     = unknown

/bin/arch              = unknown
/usr/bin/arch -k       = unknown
/usr/convex/getsysinfo = unknown
/usr/bin/hostinfo      = Mach kernel version:
	 Darwin Kernel Version 17.2.0: Fri Sep 29 18:27:05 PDT 2017; root:xnu-4570.20.62~3/RELEASE_X86_64
Kernel configured for up to 8 processors.
4 processors are physically available.
8 processors are logically available.
Processor type: i486 (Intel 80486)
Processors active: 0 1 2 3 4 5 6 7
Primary memory available: 8.00 gigabytes
Default processor set: 362 tasks, 1328 threads, 8 processors
Load average: 2.91, Mach factor: 5.08
/bin/machine           = unknown
/usr/bin/oslevel       = unknown
/bin/universe          = unknown

PATH: /opt/local/bin
PATH: /opt/local/sbin
PATH: /usr/bin
PATH: /bin
PATH: /usr/sbin
PATH: /sbin
PATH: /usr/local/bin
PATH: /opt/X11/bin


## ----------- ##
## Core tests. ##
## ----------- ##

configure:2345: loading cache ../../config.cache
configure:2438: checking for correct TEA configuration
configure:2451: result: ok (TEA 3.10)
configure:2533: configuring tdbcpostgres 1.0.5
configure:2606: checking for Tcl configuration
configure:2732: result: found /Users/dominickhera/posaRepo/year3/cis2750/a3/src/build/tcl/Development/tclConfig.sh
configure:2785: checking for gcc
configure:2812: result: gcc
configure:3041: checking for C compiler version
configure:3050: gcc --version >&5
Apple LLVM version 9.0.0 (clang-900.0.38)
Target: x86_64-apple-darwin17.2.0
Thread model: posix
InstalledDir: /Applications/Xcode.app/Contents/Developer/Toolchains/XcodeDefault.xctoolchain/usr/bin
Configured with: --prefix=/Applications/Xcode.app/Contents/Developer/usr --with-gxx-include-dir=/usr/include/c++/4.2.1
configure:3061: $? = 0
configure:3050: gcc -v >&5
Configured with: --prefix=/Applications/Xcode.app/Contents/Developer/usr --with-gxx-include-dir=/usr/include/c++/4.2.1
Apple LLVM version 9.0.0 (clang-900.0.38)
Target: x86_64-apple-darwin17.2.0
Thread model: posix
InstalledDir: /Applications/Xcode.app/Contents/Developer/Toolchains/XcodeDefault.xctoolchain/usr/bin
configure:3061: $? = 0
configure:3050: gcc -V >&5
clang: error: argument to '-V' is missing (expected 1 value)
clang: error: no input files
configure:3061: $? = 1
configure:3050: gcc -qversion >&5
clang: error: unknown argument: '-qversion'
clang: error: no input files
configure:3061: $? = 1
configure:3081: checking whether the C compiler works
configure:3103: gcc    conftest.c  >&5
configure:3107: $? = 0
configure:3155: result: yes
configure:3158: checking for C compiler default output file name
configure:3160: result: a.out
configure:3166: checking for suffix of executables
configure:3173: gcc -o conftest    conftest.c  >&5
configure:3177: $? = 0
configure:3199: result: 
configure:3221: checking whether we are cross compiling
configure:3229: gcc -o conftest    conftest.c  >&5
configure:3233: $? = 0
configure:3240: ./conftest
configure:3244: $? = 0
configure:3259: result: no
configure:3264: checking for suffix of object files
configure:3311: result: o
configure:3315: checking whether we are using the GNU C compiler
configure:3343: result: yes
configure:3352: checking whether gcc accepts -g
configure:3413: result: yes
configure:3430: checking for gcc option to accept ISO C89
configure:3506: result: none needed
configure:3528: checking for existence of /Users/dominickhera/posaRepo/year3/cis2750/a3/src/build/tcl/Development/tclConfig.sh
configure:3532: result: loading
configure:3596: checking platform
configure:3614: gcc -c   conftest.c >&5
configure:3614: $? = 0
configure:3664: result: unix
configure:3730: checking for tdbc configuration
configure:3817: result: found /Users/dominickhera/posaRepo/year3/cis2750/a3/src/build/tcl/Development/pkgs/tdbc1.0.5/tdbcConfig.sh
configure:3823: checking for existence of /Users/dominickhera/posaRepo/year3/cis2750/a3/src/build/tcl/Development/pkgs/tdbc1.0.5/tdbcConfig.sh
configure:3827: result: loading
configure:3845: WARNING: Found Makefile - using build library specs for tdbc
configure:3916: checking For tdbc_STUB library for LIBS
configure:3949: result: using tdbc_STUB_LIB_SPEC -L/Users/dominickhera/posaRepo/year3/cis2750/a3/src/build/tcl/Development/pkgs/tdbc1.0.5 -ltdbcstub1.0.5
configure:3962: WARNING: Looking for "/Users/dominickhera/posaRepo/year3/cis2750/a3/src/build/tcl/Development/pkgs/tdbc1.0.5/Makefile"
configure:3965: WARNING: Found Makefile - using build include spec and lib specs for tdbc
configure:3997: --exec-prefix defaulting to TCL_EXEC_PREFIX /usr/local
configure:4067: checking for gcc
configure:4094: result: gcc
configure:4323: checking for C compiler version
configure:4332: gcc --version >&5
Apple LLVM version 9.0.0 (clang-900.0.38)
Target: x86_64-apple-darwin17.2.0
Thread model: posix
InstalledDir: /Applications/Xcode.app/Contents/Developer/Toolchains/XcodeDefault.xctoolchain/usr/bin
Configured with: --prefix=/Applications/Xcode.app/Contents/Developer/usr --with-gxx-include-dir=/usr/include/c++/4.2.1
configure:4343: $? = 0
configure:4332: gcc -v >&5
Configured with: --prefix=/Applications/Xcode.app/Contents/Developer/usr --with-gxx-include-dir=/usr/include/c++/4.2.1
Apple LLVM version 9.0.0 (clang-900.0.38)
Target: x86_64-apple-darwin17.2.0
Thread model: posix
InstalledDir: /Applications/Xcode.app/Contents/Developer/Toolchains/XcodeDefault.xctoolchain/usr/bin
configure:4343: $? = 0
configure:4332: gcc -V >&5
clang: error: argument to '-V' is missing (expected 1 value)
clang: error: no input files
configure:4343: $? = 1
configure:4332: gcc -qversion >&5
clang: error: unknown argument: '-qversion'
clang: error: no input files
configure:4343: $? = 1
configure:4347: checking whether we are using the GNU C compiler
configure:4375: result: yes
configure:4384: checking whether gcc accepts -g
configure:4445: result: yes
configure:4462: checking for gcc option to accept ISO C89
configure:4538: result: none needed
configure:4563: checking how to run the C preprocessor
configure:4633: result: gcc -E
configure:4653: gcc -E  conftest.c
configure:4653: $? = 0
configure:4667: gcc -E  conftest.c
conftest.c:10:10: fatal error: 'ac_nonexistent.h' file not found
#include <ac_nonexistent.h>
         ^~~~~~~~~~~~~~~~~~
1 error generated.
configure:4667: $? = 1
configure: failed program was:
| /* confdefs.h */
| #define PACKAGE_NAME "tdbcpostgres"
| #define PACKAGE_TARNAME "tdbcpostgres"
| #define PACKAGE_VERSION "1.0.5"
| #define PACKAGE_STRING "tdbcpostgres 1.0.5"
| #define PACKAGE_BUGREPORT ""
| #define PACKAGE_URL ""
| #define BUILD_tdbcpostgres /**/
| /* end confdefs.h.  */
| #include <ac_nonexistent.h>
configure:4714: checking whether make sets $(MAKE)
configure:4736: result: yes
configure:4793: checking for ranlib
configure:4820: result: ranlib
configure:4851: checking for grep that handles long lines and -e
configure:4909: result: /usr/bin/grep
configure:4914: checking for egrep
configure:4976: result: /usr/bin/grep -E
configure:4981: checking for ANSI C header files
configure:5085: result: yes
configure:5098: checking for sys/types.h
configure:5098: result: yes
configure:5098: checking for sys/stat.h
configure:5098: result: yes
configure:5098: checking for stdlib.h
configure:5098: result: yes
configure:5098: checking for string.h
configure:5098: result: yes
configure:5098: checking for memory.h
configure:5098: result: yes
configure:5098: checking for strings.h
configure:5098: result: yes
configure:5098: checking for inttypes.h
configure:5098: result: yes
configure:5098: checking for stdint.h
configure:5098: result: yes
configure:5098: checking for unistd.h
configure:5098: result: yes
configure:5120: checking if the compiler understands -pipe
configure:5146: result: yes
configure:5157: checking whether byte ordering is bigendian
configure:5363: result: no
configure:5390: checking for sin
configure:5390: result: yes
configure:5397: checking for main in -lieee
configure:5425: result: no
configure:5437: checking for main in -linet
configure:5465: result: no
configure:5471: checking for net/errno.h
configure:5471: result: no
configure:5500: checking for connect
configure:5500: result: yes
configure:5568: checking for gethostbyname
configure:5568: result: yes
configure:5623: checking dirent.h
configure:5667: result: yes
configure:5677: checking for errno.h
configure:5677: result: yes
configure:5687: checking for float.h
configure:5687: result: yes
configure:5697: checking for values.h
configure:5697: result: no
configure:5707: checking for limits.h
configure:5707: result: yes
configure:5719: checking for stdlib.h
configure:5719: result: yes
configure:5771: checking for string.h
configure:5771: result: yes
configure:5815: checking for sys/wait.h
configure:5815: result: yes
configure:5825: checking for dlfcn.h
configure:5825: result: yes
configure:5839: checking for sys/param.h
configure:5839: result: yes
configure:5856: checking for inline
configure:5880: result: inline
configure:5898: checking for long long
configure:5898: result: yes
configure:5907: checking size of long long
configure:5926: result: 8
configure:5943: checking size of long
configure:5962: result: 8
configure:6150: checking for Tcl public headers
configure:6221: result: /Users/dominickhera/posaRepo/year3/cis2750/a3/src/tcl8.6.7/generic
configure:6277: checking for pthread_mutex_init in -lpthread
configure:6311: result: yes
configure:6520: checking for building with threads
configure:6526: result: yes (default)
configure:6567: checking how to build libraries
configure:6601: result: shared
configure:6685: checking for ranlib
configure:6712: result: ranlib
configure:6739: checking if 64bit support is requested
configure:6748: result: no
configure:6753: checking if 64bit Sparc VIS support is requested
configure:6762: result: no
configure:6772: checking if compiler supports visibility "hidden"
configure:6801: result: yes
configure:6816: checking if rpath support is requested
configure:6825: result: yes
configure:6850: checking system version
configure:6873: result: Darwin-17.2.0
configure:6953: checking for ar
configure:6980: result: ar
configure:8073: checking if ld accepts -single_module flag
configure:8101: result: yes
configure:8119: checking if ld accepts -search_paths_first flag
configure:8147: result: yes
configure:8742: checking for cast to union support
configure:8769: result: yes
configure:8792: checking for required early compiler flags
configure:8937: result: none
configure:8945: checking for 64-bit integer type
configure:8996: result: using long
configure:9140: checking for build with symbols
configure:9159: result: yes (standard debugging)
configure:9193: checking for intptr_t
configure:9193: result: yes
configure:9229: checking for uintptr_t
configure:9229: result: yes
configure:9281: checking for main in -lws2_32
configure:9309: result: no
configure:9325: checking for main in -lwinsock
configure:9353: result: no
configure:9491: checking for tclsh
configure:9526: result: /Users/dominickhera/posaRepo/year3/cis2750/a3/src/build/tcl/Development/tclsh
configure:9694: creating ./config.status

## ---------------------- ##
## Running config.status. ##
## ---------------------- ##

This file was extended by tdbcpostgres config.status 1.0.5, which was
generated by GNU Autoconf 2.69.  Invocation command line was

  CONFIG_FILES    = 
  CONFIG_HEADERS  = 
  CONFIG_LINKS    = 
  CONFIG_COMMANDS = 
  $ ./config.status 

on Dominicks-MacBook-Pro.local

config.status:817: creating Makefile
config.status:817: creating pkgIndex.tcl
configure:10696: WARNING: unrecognized options: --enable-framework, --enable-dtrace

## ---------------- ##
## Cache variables. ##
## ---------------- ##

ac_cv_c_bigendian=no
ac_cv_c_char_unsigned=no
ac_cv_c_compiler_gnu=yes
ac_cv_c_inline=inline
ac_cv_c_tclconfig=/Users/dominickhera/posaRepo/year3/cis2750/a3/src/build/tcl/Development
ac_cv_c_tclh=/Users/dominickhera/posaRepo/year3/cis2750/a3/src/tcl8.6.7/generic
ac_cv_c_tdbcconfig=/Users/dominickhera/posaRepo/year3/cis2750/a3/src/build/tcl/Development/pkgs/tdbc1.0.5
ac_cv_env_CC_set=
ac_cv_env_CC_value=
ac_cv_env_CFLAGS_set=
ac_cv_env_CFLAGS_value=
ac_cv_env_CPPFLAGS_set=
ac_cv_env_CPPFLAGS_value=
ac_cv_env_CPP_set=
ac_cv_env_CPP_value=
ac_cv_env_LDFLAGS_set=
ac_cv_env_LDFLAGS_value=
ac_cv_env_LIBS_set=
ac_cv_env_LIBS_value=
ac_cv_env_build_alias_set=
ac_cv_env_build_alias_value=
ac_cv_env_host_alias_set=
ac_cv_env_host_alias_value=
ac_cv_env_target_alias_set=
ac_cv_env_target_alias_value=
ac_cv_exeext=
ac_cv_func_OSSpinLockLock=yes
ac_cv_func_chflags=yes
ac_cv_func_connect=yes
ac_cv_func_copyfile=yes
ac_cv_func_fdatasync=yes
ac_cv_func_flock=yes
ac_cv_func_freeaddrinfo=yes
ac_cv_func_fstatfs=yes
ac_cv_func_gai_strerror=yes
ac_cv_func_getaddrinfo=yes
ac_cv_func_getattrlist=yes
ac_cv_func_getcwd=yes
ac_cv_func_getgrgid_r=yes
ac_cv_func_getgrnam_r=yes
ac_cv_func_gethostbyname=yes
ac_cv_func_getnameinfo=yes
ac_cv_func_getpwnam_r=yes
ac_cv_func_getpwuid_r=yes
ac_cv_func_gettimeofday=yes
ac_cv_func_getwd=yes
ac_cv_func_gmtime_r=yes
ac_cv_func_localtime_r=yes
ac_cv_func_localtime_s=no
ac_cv_func_lstat=yes
ac_cv_func_malloc_usable_size=no
ac_cv_func_memcmp_working=yes
ac_cv_func_memmove=yes
ac_cv_func_mkstemp=yes
ac_cv_func_mkstemps=yes
ac_cv_func_mktime=yes
ac_cv_func_opendir=yes
ac_cv_func_pread64=no
ac_cv_func_pread=yes
ac_cv_func_pthread_atfork=yes
ac_cv_func_pthread_attr_setstacksize=yes
ac_cv_func_pwrite64=no
ac_cv_func_pwrite=yes
ac_cv_func_rand_s=no
ac_cv_func_readlink=yes
ac_cv_func_realpath=yes
ac_cv_func_sin=yes
ac_cv_func_strchrnul=no
ac_cv_func_strerror=yes
ac_cv_func_strerror_r=yes
ac_cv_func_strerror_r_char_p=no
ac_cv_func_strncasecmp=yes
ac_cv_func_strstr=yes
ac_cv_func_strtod=yes
ac_cv_func_strtol=yes
ac_cv_func_strtoul=yes
ac_cv_func_uname=yes
ac_cv_func_usleep=yes
ac_cv_func_utime=yes
ac_cv_func_wait3=yes
ac_cv_func_waitpid=yes
ac_cv_have_decl_strerror_r=yes
ac_cv_header_AvailabilityMacros_h=yes
ac_cv_header_copyfile_h=yes
ac_cv_header_dlfcn_h=yes
ac_cv_header_errno_h=yes
ac_cv_header_float_h=yes
ac_cv_header_inttypes_h=yes
ac_cv_header_langinfo_h=yes
ac_cv_header_libkern_OSAtomic_h=yes
ac_cv_header_limits_h=yes
ac_cv_header_malloc_h=no
ac_cv_header_memory_h=yes
ac_cv_header_net_errno_h=no
ac_cv_header_stdc=yes
ac_cv_header_stdint_h=yes
ac_cv_header_stdlib_h=yes
ac_cv_header_string_h=yes
ac_cv_header_strings_h=yes
ac_cv_header_sys_filio_h=yes
ac_cv_header_sys_ioctl_h=yes
ac_cv_header_sys_modem_h=no
ac_cv_header_sys_param_h=yes
ac_cv_header_sys_sdt_h=yes
ac_cv_header_sys_stat_h=yes
ac_cv_header_sys_time_h=yes
ac_cv_header_sys_types_h=yes
ac_cv_header_sys_wait_h=yes
ac_cv_header_termios_h=yes
ac_cv_header_time=yes
ac_cv_header_unistd_h=yes
ac_cv_header_values_h=no
ac_cv_header_zlib_h=yes
ac_cv_lib_dl_dlopen=yes
ac_cv_lib_ieee_main=no
ac_cv_lib_inet_main=no
ac_cv_lib_pthread_pthread_mutex_init=yes
ac_cv_lib_winsock_main=no
ac_cv_lib_ws2_32_main=no
ac_cv_member_struct_stat_st_blksize=yes
ac_cv_member_struct_stat_st_blocks=yes
ac_cv_objext=o
ac_cv_path_DTRACE=/usr/sbin/dtrace
ac_cv_path_EGREP='/usr/bin/grep -E'
ac_cv_path_GREP=/usr/bin/grep
ac_cv_path_tclsh=/usr/bin/tclsh8.5
ac_cv_prog_CPP='gcc -E'
ac_cv_prog_ac_ct_AR=ar
ac_cv_prog_ac_ct_CC=gcc
ac_cv_prog_ac_ct_RANLIB=ranlib
ac_cv_prog_cc_c89=
ac_cv_prog_cc_g=yes
ac_cv_prog_cc_stdc=
ac_cv_prog_egrep='grep -E'
ac_cv_prog_make_make_set=yes
ac_cv_search_deflateSetHeader=-lz
ac_cv_sizeof_long=8
ac_cv_sizeof_long_long=8
ac_cv_type_blkcnt_t=yes
ac_cv_type_gz_header=yes
ac_cv_type_intptr_t=yes
ac_cv_type_long_long=yes
ac_cv_type_mode_t=yes
ac_cv_type_pid_t=yes
ac_cv_type_size_t=yes
ac_cv_type_struct_addrinfo=yes
ac_cv_type_struct_in6_addr=yes
ac_cv_type_struct_sockaddr_in6=yes
ac_cv_type_struct_sockaddr_storage=yes
ac_cv_type_uid_t=yes
ac_cv_type_uintptr_t=yes
tcl_cv_api_fts=yes
tcl_cv_api_getgrgid_r_5=yes
tcl_cv_api_getgrnam_r_5=yes
tcl_cv_api_getpwnam_r_5=yes
tcl_cv_api_getpwuid_r_5=yes
tcl_cv_cast_to_union=yes
tcl_cv_cc_darwin_c_source=yes
tcl_cv_cc_pipe=yes
tcl_cv_cc_visibility_hidden=yes
tcl_cv_cc_weak_import=yes
tcl_cv_char_signed=yes
tcl_cv_cpuid=yes
tcl_cv_dir_zoneinfo=/usr/share/zoneinfo
tcl_cv_dirent_h=yes
tcl_cv_flag__isoc99_source=no
tcl_cv_flag__largefile64_source=no
tcl_cv_flag__largefile_source64=no
tcl_cv_grep_gettimeofday=present
tcl_cv_isnan=yes
tcl_cv_langinfo_h=yes
tcl_cv_ld_search_paths_first=yes
tcl_cv_ld_single_module=yes
tcl_cv_lib_corefoundation=yes
tcl_cv_member_tm_gmtoff=yes
tcl_cv_member_tm_tzadj=no
tcl_cv_putenv_copy=no
tcl_cv_strstr_unbroken=ok
tcl_cv_strtod_buggy=ok
tcl_cv_strtod_unbroken=ok
tcl_cv_strtoul_unbroken=ok
tcl_cv_sys_version=Darwin-17.2.0
tcl_cv_timezone_long=yes
tcl_cv_type_64bit=none
tcl_cv_type_fd_set=yes
tcl_cv_type_socklen_t=yes
tcl_cv_union_wait=yes

## ----------------- ##
## Output variables. ##
## ----------------- ##

AR='ar'
CC='gcc'
CELIB_DIR=''
CFLAGS='-pipe  ${CFLAGS_DEFAULT} ${CFLAGS_WARNING} ${SHLIB_CFLAGS}  '
CFLAGS_DEBUG='-g'
CFLAGS_DEFAULT='-g'
CFLAGS_OPTIMIZE='-Os'
CFLAGS_WARNING='-Wall'
CLEANFILES=''
CONFIGURE_OUTPUTS='Makefile pkgIndex.tcl config.cache config.log config.status'
CPP='gcc -E'
CPPFLAGS=''
CYGPATH='echo'
DEFS='-DPACKAGE_NAME=\"tdbcpostgres\" -DPACKAGE_TARNAME=\"tdbcpostgres\" -DPACKAGE_VERSION=\"1.0.5\" -DPACKAGE_STRING=\"tdbcpostgres\ 1.0.5\" -DPACKAGE_BUGREPORT=\"\" -DPACKAGE_URL=\"\" -DBUILD_tdbcpostgres=/\*\*/ -DSTDC_HEADERS=1 -DHAVE_SYS_TYPES_H=1 -DHAVE_SYS_STAT_H=1 -DHAVE_STDLIB_H=1 -DHAVE_STRING_H=1 -DHAVE_MEMORY_H=1 -DHAVE_STRINGS_H=1 -DHAVE_INTTYPES_H=1 -DHAVE_STDINT_H=1 -DHAVE_UNISTD_H=1 -DNO_VALUES_H=1 -DHAVE_LIMITS_H=1 -DHAVE_SYS_PARAM_H=1 -DHAVE_LONG_LONG=1 -DSIZEOF_LONG_LONG=8 -DSIZEOF_LONG=8 -DDONT_TD_VOID=1 -DUSE_THREAD_ALLOC=1 -D_REENTRANT=1 -D_THREAD_SAFE=1 -DTCL_THREADS=1 -DUSE_TCL_STUBS=1 -DUSE_TCLOO_STUBS=1 -DMODULE_SCOPE=extern\ __attribute__\(\(__visibility__\(\"hidden\"\)\)\) -DHAVE_HIDDEN=1 -DHAVE_CAST_TO_UNION=1 -DTCL_WIDE_INT_IS_LONG=1 -DHAVE_INTPTR_T=1 -DHAVE_UINTPTR_T=1 -DUSE_TCL_STUBS=1'
ECHO_C='\c'
ECHO_N=''
ECHO_T=''
EGREP='/usr/bin/grep -E'
EXEEXT=''
GREP='/usr/bin/grep'
INSTALL='$(SHELL) $(srcdir)/tclconfig/install-sh -c'
INSTALL_DATA='${INSTALL} -m 644'
INSTALL_DATA_DIR='${INSTALL} -d -m 755'
INSTALL_LIBRARY='${INSTALL_DATA}'
INSTALL_PROGRAM='${INSTALL}'
INSTALL_SCRIPT='${INSTALL}'
LDFLAGS=' -prebind -headerpad_max_install_names -Wl,-search_paths_first '
LDFLAGS_DEFAULT=' -prebind -headerpad_max_install_names -Wl,-search_paths_first '
LD_LIBRARY_PATH_VAR='DYLD_LIBRARY_PATH'
LIBOBJS=''
LIBS=''
LTLIBOBJS=''
MAKE_LIB='${SHLIB_LD} -o $@ $(PKG_OBJECTS) ${SHLIB_LD_LIBS} '
MAKE_SHARED_LIB='${SHLIB_LD} -o $@ $(PKG_OBJECTS) ${SHLIB_LD_LIBS}'
MAKE_STATIC_LIB='${STLIB_LD} $@ $(PKG_OBJECTS)'
MAKE_STUB_LIB='${STLIB_LD} $@ $(PKG_STUB_OBJECTS)'
MATH_LIBS=''
OBJEXT='o'
PACKAGE_BUGREPORT=''
PACKAGE_NAME='tdbcpostgres'
PACKAGE_STRING='tdbcpostgres 1.0.5'
PACKAGE_TARNAME='tdbcpostgres'
PACKAGE_URL=''
PACKAGE_VERSION='1.0.5'
PATH_SEPARATOR=':'
PKG_CFLAGS='  '
PKG_HEADERS=' generic/fakepq.h generic/pqStubs.h'
PKG_INCLUDES=' -I/Users/dominickhera/posaRepo/year3/cis2750/a3/src/tcl8.6.7/pkgs/tdbc1.0.5/generic'
PKG_LIBS=' -L/Users/dominickhera/posaRepo/year3/cis2750/a3/src/build/tcl/Development/pkgs/tdbc1.0.5 -ltdbcstub1.0.5 -L/Users/dominickhera/posaRepo/year3/cis2750/a3/src/build/tcl/Development/pkgs/tdbc1.0.5 -ltdbcstub1.0.5'
PKG_LIB_FILE='libtdbcpostgres1.0.5.dylib'
PKG_OBJECTS=' tdbcpostgres.o pqStubInit.o'
PKG_SOURCES=' generic/tdbcpostgres.c generic/pqStubInit.c'
PKG_STUB_LIB_FILE='libtdbcpostgresstub1.0.5.a'
PKG_STUB_OBJECTS=''
PKG_STUB_SOURCES=''
PKG_TCL_SOURCES=' library/tdbcpostgres.tcl'
RANLIB=':'
RANLIB_STUB='ranlib'
RC=''
SET_MAKE=''
SHARED_BUILD='1'
SHELL='/bin/sh'
SHLIB_CFLAGS='-fno-common'
SHLIB_LD='${CC} -dynamiclib ${CFLAGS} ${LDFLAGS_DEFAULT} -Wl,-single_module -current_version 1.0.5 -compatibility_version 1.0.5'
SHLIB_LD_LIBS='${LIBS} -L/Users/dominickhera/posaRepo/year3/cis2750/a3/src/build/tcl/Development -ltclstub8.6'
STLIB_LD='${AR} cr'
STUBS_BUILD='1'
TCLSH_PROG='/Users/dominickhera/posaRepo/year3/cis2750/a3/src/build/tcl/Development/tclsh'
TCL_BIN_DIR='/Users/dominickhera/posaRepo/year3/cis2750/a3/src/build/tcl/Development'
TCL_DBGX=''
TCL_DEFS='-DPACKAGE_NAME=\"tcl\" -DPACKAGE_TARNAME=\"tcl\" -DPACKAGE_VERSION=\"8.6\" -DPACKAGE_STRING=\"tcl\ 8.6\" -DPACKAGE_BUGREPORT=\"\" -DSTDC_HEADERS=1 -DHAVE_SYS_TYPES_H=1 -DHAVE_SYS_STAT_H=1 -DHAVE_STDLIB_H=1 -DHAVE_STRING_H=1 -DHAVE_MEMORY_H=1 -DHAVE_STRINGS_H=1 -DHAVE_INTTYPES_H=1 -DHAVE_STDINT_H=1 -DHAVE_UNISTD_H=1 -DNO_VALUES_H=1 -DHAVE_SYS_PARAM_H=1 -DUSE_THREAD_ALLOC=1 -D_REENTRANT=1 -D_THREAD_SAFE=1 -DHAVE_PTHREAD_ATTR_SETSTACKSIZE=1 -DHAVE_PTHREAD_ATFORK=1 -DTCL_THREADS=1 -DTCL_CFGVAL_ENCODING=\"iso8859-1\" -DHAVE_ZLIB=1 -DMODULE_SCOPE=extern\ __attribute__\(\(__visibility__\(\"hidden\"\)\)\) -DHAVE_HIDDEN=1 -DMAC_OSX_TCL=1 -DHAVE_COREFOUNDATION=1 -DHAVE_CAST_TO_UNION=1 -DTCL_SHLIB_EXT=\".dylib\" -DTCL_TOMMATH=1 -DMP_PREC=4 -DTCL_WIDE_INT_IS_LONG=1 -DHAVE_GETCWD=1 -DHAVE_MKSTEMP=1 -DHAVE_OPENDIR=1 -DHAVE_STRTOL=1 -DHAVE_WAITPID=1 -DHAVE_GETNAMEINFO=1 -DHAVE_GETADDRINFO=1 -DHAVE_FREEADDRINFO=1 -DHAVE_GAI_STRERROR=1 -DHAVE_STRUCT_ADDRINFO=1 -DHAVE_STRUCT_IN6_ADDR=1 -DHAVE_STRUCT_SOCKADDR_IN6=1 -DHAVE_STRUCT_SOCKADDR_STORAGE=1 -DHAVE_GETPWUID_R_5=1 -DHAVE_GETPWUID_R=1 -DHAVE_GETPWNAM_R_5=1 -DHAVE_GETPWNAM_R=1 -DHAVE_GETGRGID_R_5=1 -DHAVE_GETGRGID_R=1 -DHAVE_GETGRNAM_R_5=1 -DHAVE_GETGRNAM_R=1 -DHAVE_MTSAFE_GETHOSTBYNAME=1 -DHAVE_MTSAFE_GETHOSTBYADDR=1 -DHAVE_TERMIOS_H=1 -DHAVE_SYS_IOCTL_H=1 -DHAVE_SYS_TIME_H=1 -DTIME_WITH_SYS_TIME=1 -DHAVE_GMTIME_R=1 -DHAVE_LOCALTIME_R=1 -DHAVE_MKTIME=1 -DHAVE_TM_GMTOFF=1 -DHAVE_TIMEZONE_VAR=1 -DHAVE_STRUCT_STAT_ST_BLOCKS=1 -DHAVE_STRUCT_STAT_ST_BLKSIZE=1 -DHAVE_BLKCNT_T=1 -DHAVE_INTPTR_T=1 -DHAVE_UINTPTR_T=1 -DHAVE_SIGNED_CHAR=1 -DHAVE_LANGINFO=1 -DHAVE_CHFLAGS=1 -DHAVE_MKSTEMPS=1 -DHAVE_GETATTRLIST=1 -DHAVE_COPYFILE_H=1 -DHAVE_COPYFILE=1 -DHAVE_LIBKERN_OSATOMIC_H=1 -DHAVE_OSSPINLOCKLOCK=1 -DUSE_VFORK=1 -DTCL_DEFAULT_ENCODING=\"utf-8\" -DTCL_LOAD_FROM_MEMORY=1 -DTCL_WIDE_CLICKS=1 -DHAVE_AVAILABILITYMACROS_H=1 -DHAVE_WEAK_IMPORT=1 -D_DARWIN_C_SOURCE=1 -DHAVE_FTS=1 -DHAVE_SYS_IOCTL_H=1 -DHAVE_SYS_FILIO_H=1 -DTCL_UNLOAD_DLLS=1 -DUSE_DTRACE=1 -DHAVE_CPUID=1 -DTCL_FRAMEWORK=1 '
TCL_EXTRA_CFLAGS='-pipe   '
TCL_INCLUDES='-I"/Users/dominickhera/posaRepo/year3/cis2750/a3/src/tcl8.6.7/generic"'
TCL_LD_FLAGS=' -prebind -headerpad_max_install_names -Wl,-search_paths_first '
TCL_LIBS='${DL_LIBS} ${LIBS} ${MATH_LIBS}'
TCL_LIB_FILE='Tcl'
TCL_LIB_FLAG='-framework Tcl'
TCL_LIB_SPEC='-F/Users/dominickhera/posaRepo/year3/cis2750/a3/src/build/tcl/Development -framework Tcl'
TCL_PATCH_LEVEL='.7'
TCL_SHLIB_LD_LIBS='${LIBS}'
TCL_SRC_DIR='/Users/dominickhera/posaRepo/year3/cis2750/a3/src/tcl8.6.7'
TCL_STUB_LIB_FILE='libtclstub8.6.a'
TCL_STUB_LIB_FLAG='-ltclstub8.6'
TCL_STUB_LIB_SPEC='-L/Users/dominickhera/posaRepo/year3/cis2750/a3/src/build/tcl/Development -ltclstub8.6'
TCL_THREADS='1'
TCL_VERSION='8.6'
TCL_VERSION_REQ='8.6'
TDBC_LIB_FILE='libtdbc1.0.5.dylib'
TDBC_VERSION='1.0.5'
VC_MANIFEST_EMBED_DLL=''
VC_MANIFEST_EMBED_EXE=''
ac_ct_CC='gcc'
bindir='/usr/local/bin'
build_alias=''
datadir='${datarootdir}'
datarootdir='${prefix}/share'
docdir='${datarootdir}/doc/${PACKAGE_TARNAME}'
dvidir='${docdir}'
exec_prefix='/usr/local'
host_alias=''
htmldir='${docdir}'
includedir='${prefix}/include'
infodir='${datarootdir}/info'
libdir='/Library/Tcl'
libexecdir='${exec_prefix}/libexec'
localedir='${datarootdir}/locale'
localstatedir='${prefix}/var'
mandir='/usr/local/man'
oldincludedir='/usr/include'
pdfdir='${docdir}'
prefix='/usr/local'
program_transform_name='s,x,x,'
psdir='${docdir}'
sbindir='${exec_prefix}/sbin'
sharedstatedir='${prefix}/com'
sysconfdir='${prefix}/etc'
target_alias=''
tdbc_BIN_DIR='/Users/dominickhera/posaRepo/year3/cis2750/a3/src/build/tcl/Development/pkgs/tdbc1.0.5'
tdbc_LIBRARY_PATH='/Users/dominickhera/posaRepo/year3/cis2750/a3/src/tcl8.6.7/pkgs/tdbc1.0.5/library'
tdbc_LIB_FILE='libtdbc1.0.5.dylib'
tdbc_LIB_SPEC='-L/Users/dominickhera/posaRepo/year3/cis2750/a3/src/build/tcl/Development/pkgs/tdbc1.0.5 -ltdbc1.0.5'
tdbc_SRC_DIR='/Users/dominickhera/posaRepo/year3/cis2750/a3/src/tcl8.6.7/pkgs/tdbc1.0.5'
tdbc_STUB_LIB_FILE='libtdbcstub1.0.5.a'
tdbc_STUB_LIB_PATH='/Users/dominickhera/posaRepo/year3/cis2750/a3/src/build/tcl/Development/pkgs/tdbc1.0.5/libtdbcstub1.0.5.a'
tdbc_STUB_LIB_SPEC='-L/Users/dominickhera/posaRepo/year3/cis2750/a3/src/build/tcl/Development/pkgs/tdbc1.0.5 -ltdbcstub1.0.5'
tdbc_VERSION='1.0.5'

## ----------- ##
## confdefs.h. ##
## ----------- ##

/* confdefs.h */
#define PACKAGE_NAME "tdbcpostgres"
#define PACKAGE_TARNAME "tdbcpostgres"
#define PACKAGE_VERSION "1.0.5"
#define PACKAGE_STRING "tdbcpostgres 1.0.5"
#define PACKAGE_BUGREPORT ""
#define PACKAGE_URL ""
#define BUILD_tdbcpostgres /**/
#define STDC_HEADERS 1
#define HAVE_SYS_TYPES_H 1
#define HAVE_SYS_STAT_H 1
#define HAVE_STDLIB_H 1
#define HAVE_STRING_H 1
#define HAVE_MEMORY_H 1
#define HAVE_STRINGS_H 1
#define HAVE_INTTYPES_H 1
#define HAVE_STDINT_H 1
#define HAVE_UNISTD_H 1
#define NO_VALUES_H 1
#define HAVE_LIMITS_H 1
#define HAVE_SYS_PARAM_H 1
#define HAVE_LONG_LONG 1
#define SIZEOF_LONG_LONG 8
#define SIZEOF_LONG 8
#define DONT_TD_VOID 1
#define USE_THREAD_ALLOC 1
#define _REENTRANT 1
#define _THREAD_SAFE 1
#define TCL_THREADS 1
#define USE_TCL_STUBS 1
#define USE_TCLOO_STUBS 1
#define MODULE_SCOPE extern __attribute__((__visibility__("hidden")))
#define HAVE_HIDDEN 1
#define HAVE_CAST_TO_UNION 1
#define TCL_WIDE_INT_IS_LONG 1
#define HAVE_INTPTR_T 1
#define HAVE_UINTPTR_T 1
#define USE_TCL_STUBS 1

configure: exit 0
