This file contains any messages produced by compilers while
running configure, to aid debugging if configure makes a mistake.

It was created by tdbc configure 1.0.5, which was
generated by GNU Autoconf 2.69.  Invocation command line was

  $ /Users/dominickhera/posaRepo/year3/cis2750/a3/src/tcl8.6.7/pkgs/tdbc1.0.5/configure --with-tcl=../.. --with-tclinclude=/Users/dominickhera/posaRepo/year3/cis2750/a3/src/tcl8.6.7/generic -C --prefix=/usr/local --bindir=/usr/local/bin --libdir=/Library/Frameworks --mandir=/usr/local/man --enable-threads --enable-framework --enable-dtrace --cache-file=../../config.cache --libdir=/Library/Tcl --enable-shared --enable-threads

## --------- ##
## Platform. ##
## --------- ##

hostname = Dominicks-MacBook-Pro.local
uname -m = x86_64
uname -r = 17.2.0
uname -s = Darwin
uname -v = Darwin Kernel Version 17.2.0: Fri Sep 29 18:27:05 PDT 2017; root:xnu-4570.20.62~3/RELEASE_X86_64

/usr/bin/uname -p = i386
/bin/uname -X     = unknown

/bin/arch              = unknown
/usr/bin/arch -k       = unknown
/usr/convex/getsysinfo = unknown
/usr/bin/hostinfo      = Mach kernel version:
	 Darwin Kernel Version 17.2.0: Fri Sep 29 18:27:05 PDT 2017; root:xnu-4570.20.62~3/RELEASE_X86_64
Kernel configured for up to 8 processors.
4 processors are physically available.
8 processors are logically available.
Processor type: i486 (Intel 80486)
Processors active: 0 1 2 3 4 5 6 7
Primary memory available: 8.00 gigabytes
Default processor set: 362 tasks, 1384 threads, 8 processors
Load average: 2.49, Mach factor: 5.50
/bin/machine           = unknown
/usr/bin/oslevel       = unknown
/bin/universe          = unknown

PATH: /opt/local/bin
PATH: /opt/local/sbin
PATH: /usr/bin
PATH: /bin
PATH: /usr/sbin
PATH: /sbin
PATH: /usr/local/bin
PATH: /opt/X11/bin


## ----------- ##
## Core tests. ##
## ----------- ##

configure:2119: loading cache ../../config.cache
configure:2212: checking for correct TEA configuration
configure:2225: result: ok (TEA 3.10)
configure:2307: configuring tdbc 1.0.5
configure:2380: checking for Tcl configuration
configure:2505: result: found /Users/dominickhera/posaRepo/year3/cis2750/a3/src/build/tcl/Deployment/tclConfig.sh
configure:2558: checking for gcc
configure:2585: result: gcc
configure:2814: checking for C compiler version
configure:2823: gcc --version >&5
Apple LLVM version 9.0.0 (clang-900.0.38)
Target: x86_64-apple-darwin17.2.0
Thread model: posix
InstalledDir: /Applications/Xcode.app/Contents/Developer/Toolchains/XcodeDefault.xctoolchain/usr/bin
Configured with: --prefix=/Applications/Xcode.app/Contents/Developer/usr --with-gxx-include-dir=/usr/include/c++/4.2.1
configure:2834: $? = 0
configure:2823: gcc -v >&5
Configured with: --prefix=/Applications/Xcode.app/Contents/Developer/usr --with-gxx-include-dir=/usr/include/c++/4.2.1
Apple LLVM version 9.0.0 (clang-900.0.38)
Target: x86_64-apple-darwin17.2.0
Thread model: posix
InstalledDir: /Applications/Xcode.app/Contents/Developer/Toolchains/XcodeDefault.xctoolchain/usr/bin
configure:2834: $? = 0
configure:2823: gcc -V >&5
clang: error: argument to '-V' is missing (expected 1 value)
clang: error: no input files
configure:2834: $? = 1
configure:2823: gcc -qversion >&5
clang: error: unknown argument: '-qversion'
clang: error: no input files
configure:2834: $? = 1
configure:2854: checking whether the C compiler works
configure:2876: gcc    conftest.c  >&5
configure:2880: $? = 0
configure:2928: result: yes
configure:2931: checking for C compiler default output file name
configure:2933: result: a.out
configure:2939: checking for suffix of executables
configure:2946: gcc -o conftest    conftest.c  >&5
configure:2950: $? = 0
configure:2972: result: 
configure:2994: checking whether we are cross compiling
configure:3002: gcc -o conftest    conftest.c  >&5
configure:3006: $? = 0
configure:3013: ./conftest
configure:3017: $? = 0
configure:3032: result: no
configure:3037: checking for suffix of object files
configure:3084: result: o
configure:3088: checking whether we are using the GNU C compiler
configure:3116: result: yes
configure:3125: checking whether gcc accepts -g
configure:3186: result: yes
configure:3203: checking for gcc option to accept ISO C89
configure:3279: result: none needed
configure:3301: checking for existence of /Users/dominickhera/posaRepo/year3/cis2750/a3/src/build/tcl/Deployment/tclConfig.sh
configure:3305: result: loading
configure:3369: checking platform
configure:3387: gcc -c   conftest.c >&5
configure:3387: $? = 0
configure:3437: result: unix
configure:3761: --exec-prefix defaulting to TCL_EXEC_PREFIX /usr/local
configure:3831: checking for gcc
configure:3858: result: gcc
configure:4087: checking for C compiler version
configure:4096: gcc --version >&5
Apple LLVM version 9.0.0 (clang-900.0.38)
Target: x86_64-apple-darwin17.2.0
Thread model: posix
InstalledDir: /Applications/Xcode.app/Contents/Developer/Toolchains/XcodeDefault.xctoolchain/usr/bin
Configured with: --prefix=/Applications/Xcode.app/Contents/Developer/usr --with-gxx-include-dir=/usr/include/c++/4.2.1
configure:4107: $? = 0
configure:4096: gcc -v >&5
Configured with: --prefix=/Applications/Xcode.app/Contents/Developer/usr --with-gxx-include-dir=/usr/include/c++/4.2.1
Apple LLVM version 9.0.0 (clang-900.0.38)
Target: x86_64-apple-darwin17.2.0
Thread model: posix
InstalledDir: /Applications/Xcode.app/Contents/Developer/Toolchains/XcodeDefault.xctoolchain/usr/bin
configure:4107: $? = 0
configure:4096: gcc -V >&5
clang: error: argument to '-V' is missing (expected 1 value)
clang: error: no input files
configure:4107: $? = 1
configure:4096: gcc -qversion >&5
clang: error: unknown argument: '-qversion'
clang: error: no input files
configure:4107: $? = 1
configure:4111: checking whether we are using the GNU C compiler
configure:4139: result: yes
configure:4148: checking whether gcc accepts -g
configure:4209: result: yes
configure:4226: checking for gcc option to accept ISO C89
configure:4302: result: none needed
configure:4327: checking how to run the C preprocessor
configure:4397: result: gcc -E
configure:4417: gcc -E  conftest.c
configure:4417: $? = 0
configure:4431: gcc -E  conftest.c
conftest.c:10:10: fatal error: 'ac_nonexistent.h' file not found
#include <ac_nonexistent.h>
         ^~~~~~~~~~~~~~~~~~
1 error generated.
configure:4431: $? = 1
configure: failed program was:
| /* confdefs.h */
| #define PACKAGE_NAME "tdbc"
| #define PACKAGE_TARNAME "tdbc"
| #define PACKAGE_VERSION "1.0.5"
| #define PACKAGE_STRING "tdbc 1.0.5"
| #define PACKAGE_BUGREPORT ""
| #define PACKAGE_URL ""
| #define BUILD_tdbc /**/
| /* end confdefs.h.  */
| #include <ac_nonexistent.h>
configure:4478: checking whether make sets $(MAKE)
configure:4500: result: yes
configure:4557: checking for ranlib
configure:4584: result: ranlib
configure:4615: checking for grep that handles long lines and -e
configure:4673: result: /usr/bin/grep
configure:4678: checking for egrep
configure:4740: result: /usr/bin/grep -E
configure:4745: checking for ANSI C header files
configure:4849: result: yes
configure:4862: checking for sys/types.h
configure:4862: result: yes
configure:4862: checking for sys/stat.h
configure:4862: result: yes
configure:4862: checking for stdlib.h
configure:4862: result: yes
configure:4862: checking for string.h
configure:4862: result: yes
configure:4862: checking for memory.h
configure:4862: result: yes
configure:4862: checking for strings.h
configure:4862: result: yes
configure:4862: checking for inttypes.h
configure:4862: result: yes
configure:4862: checking for stdint.h
configure:4862: result: yes
configure:4862: checking for unistd.h
configure:4862: result: yes
configure:4884: checking if the compiler understands -pipe
configure:4910: result: yes
configure:4921: checking whether byte ordering is bigendian
configure:5127: result: no
configure:5154: checking for sin
configure:5154: result: yes
configure:5161: checking for main in -lieee
configure:5189: result: no
configure:5201: checking for main in -linet
configure:5229: result: no
configure:5235: checking for net/errno.h
configure:5235: result: no
configure:5264: checking for connect
configure:5264: result: yes
configure:5332: checking for gethostbyname
configure:5332: result: yes
configure:5387: checking dirent.h
configure:5431: result: yes
configure:5441: checking for errno.h
configure:5441: result: yes
configure:5451: checking for float.h
configure:5451: result: yes
configure:5461: checking for values.h
configure:5461: result: no
configure:5471: checking for limits.h
configure:5471: result: yes
configure:5483: checking for stdlib.h
configure:5483: result: yes
configure:5535: checking for string.h
configure:5535: result: yes
configure:5579: checking for sys/wait.h
configure:5579: result: yes
configure:5589: checking for dlfcn.h
configure:5589: result: yes
configure:5603: checking for sys/param.h
configure:5603: result: yes
configure:5620: checking for inline
configure:5644: result: inline
configure:5802: checking for Tcl public headers
configure:5873: result: /Users/dominickhera/posaRepo/year3/cis2750/a3/src/tcl8.6.7/generic
configure:5929: checking for pthread_mutex_init in -lpthread
configure:5963: result: yes
configure:6172: checking for building with threads
configure:6178: result: yes (default)
configure:6219: checking how to build libraries
configure:6253: result: shared
configure:6337: checking for ranlib
configure:6364: result: ranlib
configure:6391: checking if 64bit support is requested
configure:6400: result: no
configure:6405: checking if 64bit Sparc VIS support is requested
configure:6414: result: no
configure:6424: checking if compiler supports visibility "hidden"
configure:6453: result: yes
configure:6468: checking if rpath support is requested
configure:6477: result: yes
configure:6502: checking system version
configure:6525: result: Darwin-17.2.0
configure:6605: checking for ar
configure:6632: result: ar
configure:7741: checking if ld accepts -single_module flag
configure:7769: result: yes
configure:7787: checking if ld accepts -search_paths_first flag
configure:7815: result: yes
configure:8410: checking for cast to union support
configure:8437: result: yes
configure:8460: checking for required early compiler flags
configure:8605: result: none
configure:8613: checking for 64-bit integer type
configure:8664: result: using long
configure:8808: checking for build with symbols
configure:8821: result: no
configure:8985: checking for tclsh
configure:9020: result: /Users/dominickhera/posaRepo/year3/cis2750/a3/src/build/tcl/Deployment/tclsh
configure:9245: creating ./config.status

## ---------------------- ##
## Running config.status. ##
## ---------------------- ##

This file was extended by tdbc config.status 1.0.5, which was
generated by GNU Autoconf 2.69.  Invocation command line was

  CONFIG_FILES    = 
  CONFIG_HEADERS  = 
  CONFIG_LINKS    = 
  CONFIG_COMMANDS = 
  $ ./config.status 

on Dominicks-MacBook-Pro.local

config.status:828: creating Makefile
config.status:828: creating pkgIndex.tcl
config.status:828: creating tdbcConfig.sh
configure:10248: WARNING: unrecognized options: --enable-framework, --enable-dtrace

## ---------------- ##
## Cache variables. ##
## ---------------- ##

ac_cv_c_bigendian=no
ac_cv_c_char_unsigned=no
ac_cv_c_compiler_gnu=yes
ac_cv_c_inline=inline
ac_cv_c_tclconfig=/Users/dominickhera/posaRepo/year3/cis2750/a3/src/build/tcl/Deployment
ac_cv_c_tclh=/Users/dominickhera/posaRepo/year3/cis2750/a3/src/tcl8.6.7/generic
ac_cv_env_CC_set=
ac_cv_env_CC_value=
ac_cv_env_CFLAGS_set=
ac_cv_env_CFLAGS_value=
ac_cv_env_CPPFLAGS_set=
ac_cv_env_CPPFLAGS_value=
ac_cv_env_CPP_set=
ac_cv_env_CPP_value=
ac_cv_env_LDFLAGS_set=
ac_cv_env_LDFLAGS_value=
ac_cv_env_LIBS_set=
ac_cv_env_LIBS_value=
ac_cv_env_build_alias_set=
ac_cv_env_build_alias_value=
ac_cv_env_host_alias_set=
ac_cv_env_host_alias_value=
ac_cv_env_target_alias_set=
ac_cv_env_target_alias_value=
ac_cv_exeext=
ac_cv_func_OSSpinLockLock=yes
ac_cv_func_chflags=yes
ac_cv_func_connect=yes
ac_cv_func_copyfile=yes
ac_cv_func_fdatasync=yes
ac_cv_func_flock=yes
ac_cv_func_freeaddrinfo=yes
ac_cv_func_fstatfs=yes
ac_cv_func_gai_strerror=yes
ac_cv_func_getaddrinfo=yes
ac_cv_func_getattrlist=yes
ac_cv_func_getcwd=yes
ac_cv_func_getgrgid_r=yes
ac_cv_func_getgrnam_r=yes
ac_cv_func_gethostbyname=yes
ac_cv_func_getnameinfo=yes
ac_cv_func_getpwnam_r=yes
ac_cv_func_getpwuid_r=yes
ac_cv_func_gettimeofday=yes
ac_cv_func_getwd=yes
ac_cv_func_gmtime_r=yes
ac_cv_func_localtime_r=yes
ac_cv_func_localtime_s=no
ac_cv_func_lstat=yes
ac_cv_func_malloc_usable_size=no
ac_cv_func_memcmp_working=yes
ac_cv_func_memmove=yes
ac_cv_func_mkstemp=yes
ac_cv_func_mkstemps=yes
ac_cv_func_mktime=yes
ac_cv_func_opendir=yes
ac_cv_func_pread64=no
ac_cv_func_pread=yes
ac_cv_func_pthread_atfork=yes
ac_cv_func_pthread_attr_setstacksize=yes
ac_cv_func_pwrite64=no
ac_cv_func_pwrite=yes
ac_cv_func_rand_s=no
ac_cv_func_readlink=yes
ac_cv_func_realpath=yes
ac_cv_func_sin=yes
ac_cv_func_strchrnul=no
ac_cv_func_strerror=yes
ac_cv_func_strerror_r=yes
ac_cv_func_strerror_r_char_p=no
ac_cv_func_strncasecmp=yes
ac_cv_func_strstr=yes
ac_cv_func_strtod=yes
ac_cv_func_strtol=yes
ac_cv_func_strtoul=yes
ac_cv_func_uname=yes
ac_cv_func_usleep=yes
ac_cv_func_utime=yes
ac_cv_func_wait3=yes
ac_cv_func_waitpid=yes
ac_cv_have_decl_strerror_r=yes
ac_cv_header_AvailabilityMacros_h=yes
ac_cv_header_copyfile_h=yes
ac_cv_header_dlfcn_h=yes
ac_cv_header_errno_h=yes
ac_cv_header_float_h=yes
ac_cv_header_inttypes_h=yes
ac_cv_header_langinfo_h=yes
ac_cv_header_libkern_OSAtomic_h=yes
ac_cv_header_limits_h=yes
ac_cv_header_malloc_h=no
ac_cv_header_memory_h=yes
ac_cv_header_net_errno_h=no
ac_cv_header_stdc=yes
ac_cv_header_stdint_h=yes
ac_cv_header_stdlib_h=yes
ac_cv_header_string_h=yes
ac_cv_header_strings_h=yes
ac_cv_header_sys_filio_h=yes
ac_cv_header_sys_ioctl_h=yes
ac_cv_header_sys_modem_h=no
ac_cv_header_sys_param_h=yes
ac_cv_header_sys_sdt_h=yes
ac_cv_header_sys_stat_h=yes
ac_cv_header_sys_time_h=yes
ac_cv_header_sys_types_h=yes
ac_cv_header_sys_wait_h=yes
ac_cv_header_termios_h=yes
ac_cv_header_time=yes
ac_cv_header_unistd_h=yes
ac_cv_header_values_h=no
ac_cv_header_zlib_h=yes
ac_cv_lib_dl_dlopen=yes
ac_cv_lib_ieee_main=no
ac_cv_lib_inet_main=no
ac_cv_lib_pthread_pthread_mutex_init=yes
ac_cv_member_struct_stat_st_blksize=yes
ac_cv_member_struct_stat_st_blocks=yes
ac_cv_objext=o
ac_cv_path_DTRACE=/usr/sbin/dtrace
ac_cv_path_EGREP='/usr/bin/grep -E'
ac_cv_path_GREP=/usr/bin/grep
ac_cv_path_tclsh=/usr/bin/tclsh8.5
ac_cv_prog_CPP='gcc -E'
ac_cv_prog_ac_ct_AR=ar
ac_cv_prog_ac_ct_CC=gcc
ac_cv_prog_ac_ct_RANLIB=ranlib
ac_cv_prog_cc_c89=
ac_cv_prog_cc_g=yes
ac_cv_prog_cc_stdc=
ac_cv_prog_egrep='grep -E'
ac_cv_prog_make_make_set=yes
ac_cv_search_deflateSetHeader=-lz
ac_cv_type_blkcnt_t=yes
ac_cv_type_gz_header=yes
ac_cv_type_intptr_t=yes
ac_cv_type_mode_t=yes
ac_cv_type_pid_t=yes
ac_cv_type_size_t=yes
ac_cv_type_struct_addrinfo=yes
ac_cv_type_struct_in6_addr=yes
ac_cv_type_struct_sockaddr_in6=yes
ac_cv_type_struct_sockaddr_storage=yes
ac_cv_type_uid_t=yes
ac_cv_type_uintptr_t=yes
tcl_cv_api_fts=yes
tcl_cv_api_getgrgid_r_5=yes
tcl_cv_api_getgrnam_r_5=yes
tcl_cv_api_getpwnam_r_5=yes
tcl_cv_api_getpwuid_r_5=yes
tcl_cv_cast_to_union=yes
tcl_cv_cc_darwin_c_source=yes
tcl_cv_cc_pipe=yes
tcl_cv_cc_visibility_hidden=yes
tcl_cv_cc_weak_import=yes
tcl_cv_char_signed=yes
tcl_cv_cpuid=yes
tcl_cv_dir_zoneinfo=/usr/share/zoneinfo
tcl_cv_dirent_h=yes
tcl_cv_flag__isoc99_source=no
tcl_cv_flag__largefile64_source=no
tcl_cv_flag__largefile_source64=no
tcl_cv_grep_gettimeofday=present
tcl_cv_isnan=yes
tcl_cv_langinfo_h=yes
tcl_cv_ld_search_paths_first=yes
tcl_cv_ld_single_module=yes
tcl_cv_lib_corefoundation=yes
tcl_cv_member_tm_gmtoff=yes
tcl_cv_member_tm_tzadj=no
tcl_cv_putenv_copy=no
tcl_cv_strstr_unbroken=ok
tcl_cv_strtod_buggy=ok
tcl_cv_strtod_unbroken=ok
tcl_cv_strtoul_unbroken=ok
tcl_cv_sys_version=Darwin-17.2.0
tcl_cv_timezone_long=yes
tcl_cv_type_64bit=none
tcl_cv_type_fd_set=yes
tcl_cv_type_socklen_t=yes
tcl_cv_union_wait=yes

## ----------------- ##
## Output variables. ##
## ----------------- ##

AR='ar'
CC='gcc'
CELIB_DIR=''
CFLAGS='-pipe  ${CFLAGS_DEFAULT} ${CFLAGS_WARNING} ${SHLIB_CFLAGS}  '
CFLAGS_DEBUG='-g'
CFLAGS_DEFAULT='-Os -DNDEBUG'
CFLAGS_OPTIMIZE='-Os'
CFLAGS_WARNING='-Wall'
CLEANFILES=''
CPP='gcc -E'
CPPFLAGS=''
CYGPATH='echo'
DEFS='-DPACKAGE_NAME=\"tdbc\" -DPACKAGE_TARNAME=\"tdbc\" -DPACKAGE_VERSION=\"1.0.5\" -DPACKAGE_STRING=\"tdbc\ 1.0.5\" -DPACKAGE_BUGREPORT=\"\" -DPACKAGE_URL=\"\" -DBUILD_tdbc=/\*\*/ -DSTDC_HEADERS=1 -DHAVE_SYS_TYPES_H=1 -DHAVE_SYS_STAT_H=1 -DHAVE_STDLIB_H=1 -DHAVE_STRING_H=1 -DHAVE_MEMORY_H=1 -DHAVE_STRINGS_H=1 -DHAVE_INTTYPES_H=1 -DHAVE_STDINT_H=1 -DHAVE_UNISTD_H=1 -DNO_VALUES_H=1 -DHAVE_LIMITS_H=1 -DHAVE_SYS_PARAM_H=1 -DUSE_THREAD_ALLOC=1 -D_REENTRANT=1 -D_THREAD_SAFE=1 -DTCL_THREADS=1 -DUSE_TCL_STUBS=1 -DUSE_TCLOO_STUBS=1 -DMODULE_SCOPE=extern\ __attribute__\(\(__visibility__\(\"hidden\"\)\)\) -DHAVE_HIDDEN=1 -DHAVE_CAST_TO_UNION=1 -DTCL_WIDE_INT_IS_LONG=1 -DUSE_TCL_STUBS=1'
ECHO_C='\c'
ECHO_N=''
ECHO_T=''
EGREP='/usr/bin/grep -E'
EXEEXT=''
GREP='/usr/bin/grep'
INSTALL='$(SHELL) $(srcdir)/tclconfig/install-sh -c'
INSTALL_DATA='${INSTALL} -m 644'
INSTALL_DATA_DIR='${INSTALL} -d -m 755'
INSTALL_LIBRARY='${INSTALL_DATA}'
INSTALL_PROGRAM='${INSTALL}'
INSTALL_SCRIPT='${INSTALL}'
LDFLAGS=' -prebind -headerpad_max_install_names -Wl,-search_paths_first '
LDFLAGS_DEFAULT=' -prebind -headerpad_max_install_names -Wl,-search_paths_first '
LD_LIBRARY_PATH_VAR='DYLD_LIBRARY_PATH'
LIBOBJS=''
LIBS=''
LTLIBOBJS=''
MAJOR_VERSION=''
MAKE_LIB='${SHLIB_LD} -o $@ $(PKG_OBJECTS) ${SHLIB_LD_LIBS} '
MAKE_SHARED_LIB='${SHLIB_LD} -o $@ $(PKG_OBJECTS) ${SHLIB_LD_LIBS}'
MAKE_STATIC_LIB='${STLIB_LD} $@ $(PKG_OBJECTS)'
MAKE_STUB_LIB='${STLIB_LD} $@ $(PKG_STUB_OBJECTS)'
MATH_LIBS=''
MINOR_VERSION=''
OBJEXT='o'
PACKAGE_BUGREPORT=''
PACKAGE_NAME='tdbc'
PACKAGE_STRING='tdbc 1.0.5'
PACKAGE_TARNAME='tdbc'
PACKAGE_URL=''
PACKAGE_VERSION='1.0.5'
PATCHLEVEL=''
PATH_SEPARATOR=':'
PKG_CFLAGS=' '
PKG_HEADERS=' generic/tdbc.h generic/tdbcInt.h generic/tdbcDecls.h'
PKG_INCLUDES=''
PKG_LIBS=''
PKG_LIB_FILE='libtdbc1.0.5.dylib'
PKG_OBJECTS=' tdbc.o tdbcStubInit.o tdbcTokenize.o'
PKG_SOURCES=' tdbc.c tdbcStubInit.c tdbcTokenize.c'
PKG_STUB_LIB_FILE='libtdbcstub1.0.5.a'
PKG_STUB_OBJECTS=' tdbcStubLib.o'
PKG_STUB_SOURCES=' tdbcStubLib.c'
PKG_TCL_SOURCES=' library/tdbc.tcl'
RANLIB=':'
RANLIB_STUB='ranlib'
RC=''
SET_MAKE=''
SHARED_BUILD='1'
SHELL='/bin/sh'
SHLIB_CFLAGS='-fno-common'
SHLIB_LD='${CC} -dynamiclib ${CFLAGS} ${LDFLAGS_DEFAULT} -Wl,-single_module -current_version 1.0.5 -compatibility_version 1.0.5'
SHLIB_LD_LIBS='${LIBS} -L/Users/dominickhera/posaRepo/year3/cis2750/a3/src/build/tcl/Deployment -ltclstub8.6'
STLIB_LD='${AR} cr'
STUBS_BUILD='1'
TCLOO_VERSION_REQ='0.6'
TCLSH_PROG='/Users/dominickhera/posaRepo/year3/cis2750/a3/src/build/tcl/Deployment/tclsh'
TCL_BIN_DIR='/Users/dominickhera/posaRepo/year3/cis2750/a3/src/build/tcl/Deployment'
TCL_DBGX=''
TCL_DEFS='-DPACKAGE_NAME=\"tcl\" -DPACKAGE_TARNAME=\"tcl\" -DPACKAGE_VERSION=\"8.6\" -DPACKAGE_STRING=\"tcl\ 8.6\" -DPACKAGE_BUGREPORT=\"\" -DSTDC_HEADERS=1 -DHAVE_SYS_TYPES_H=1 -DHAVE_SYS_STAT_H=1 -DHAVE_STDLIB_H=1 -DHAVE_STRING_H=1 -DHAVE_MEMORY_H=1 -DHAVE_STRINGS_H=1 -DHAVE_INTTYPES_H=1 -DHAVE_STDINT_H=1 -DHAVE_UNISTD_H=1 -DNO_VALUES_H=1 -DHAVE_SYS_PARAM_H=1 -DUSE_THREAD_ALLOC=1 -D_REENTRANT=1 -D_THREAD_SAFE=1 -DHAVE_PTHREAD_ATTR_SETSTACKSIZE=1 -DHAVE_PTHREAD_ATFORK=1 -DTCL_THREADS=1 -DTCL_CFGVAL_ENCODING=\"iso8859-1\" -DHAVE_ZLIB=1 -DMODULE_SCOPE=extern\ __attribute__\(\(__visibility__\(\"hidden\"\)\)\) -DHAVE_HIDDEN=1 -DMAC_OSX_TCL=1 -DHAVE_COREFOUNDATION=1 -DHAVE_CAST_TO_UNION=1 -DTCL_SHLIB_EXT=\".dylib\" -DNDEBUG=1 -DTCL_CFG_OPTIMIZED=1 -DTCL_TOMMATH=1 -DMP_PREC=4 -DTCL_WIDE_INT_IS_LONG=1 -DHAVE_GETCWD=1 -DHAVE_MKSTEMP=1 -DHAVE_OPENDIR=1 -DHAVE_STRTOL=1 -DHAVE_WAITPID=1 -DHAVE_GETNAMEINFO=1 -DHAVE_GETADDRINFO=1 -DHAVE_FREEADDRINFO=1 -DHAVE_GAI_STRERROR=1 -DHAVE_STRUCT_ADDRINFO=1 -DHAVE_STRUCT_IN6_ADDR=1 -DHAVE_STRUCT_SOCKADDR_IN6=1 -DHAVE_STRUCT_SOCKADDR_STORAGE=1 -DHAVE_GETPWUID_R_5=1 -DHAVE_GETPWUID_R=1 -DHAVE_GETPWNAM_R_5=1 -DHAVE_GETPWNAM_R=1 -DHAVE_GETGRGID_R_5=1 -DHAVE_GETGRGID_R=1 -DHAVE_GETGRNAM_R_5=1 -DHAVE_GETGRNAM_R=1 -DHAVE_MTSAFE_GETHOSTBYNAME=1 -DHAVE_MTSAFE_GETHOSTBYADDR=1 -DHAVE_TERMIOS_H=1 -DHAVE_SYS_IOCTL_H=1 -DHAVE_SYS_TIME_H=1 -DTIME_WITH_SYS_TIME=1 -DHAVE_GMTIME_R=1 -DHAVE_LOCALTIME_R=1 -DHAVE_MKTIME=1 -DHAVE_TM_GMTOFF=1 -DHAVE_TIMEZONE_VAR=1 -DHAVE_STRUCT_STAT_ST_BLOCKS=1 -DHAVE_STRUCT_STAT_ST_BLKSIZE=1 -DHAVE_BLKCNT_T=1 -DHAVE_INTPTR_T=1 -DHAVE_UINTPTR_T=1 -DHAVE_SIGNED_CHAR=1 -DHAVE_LANGINFO=1 -DHAVE_CHFLAGS=1 -DHAVE_MKSTEMPS=1 -DHAVE_GETATTRLIST=1 -DHAVE_COPYFILE_H=1 -DHAVE_COPYFILE=1 -DHAVE_LIBKERN_OSATOMIC_H=1 -DHAVE_OSSPINLOCKLOCK=1 -DUSE_VFORK=1 -DTCL_DEFAULT_ENCODING=\"utf-8\" -DTCL_LOAD_FROM_MEMORY=1 -DTCL_WIDE_CLICKS=1 -DHAVE_AVAILABILITYMACROS_H=1 -DHAVE_WEAK_IMPORT=1 -D_DARWIN_C_SOURCE=1 -DHAVE_FTS=1 -DHAVE_SYS_IOCTL_H=1 -DHAVE_SYS_FILIO_H=1 -DTCL_UNLOAD_DLLS=1 -DUSE_DTRACE=1 -DHAVE_CPUID=1 -DTCL_FRAMEWORK=1 '
TCL_EXTRA_CFLAGS='-pipe   '
TCL_INCLUDES='-I"/Users/dominickhera/posaRepo/year3/cis2750/a3/src/tcl8.6.7/generic"'
TCL_LD_FLAGS=' -prebind -headerpad_max_install_names -Wl,-search_paths_first '
TCL_LIBS='${DL_LIBS} ${LIBS} ${MATH_LIBS}'
TCL_LIB_FILE='Tcl'
TCL_LIB_FLAG='-framework Tcl'
TCL_LIB_SPEC='-F/Users/dominickhera/posaRepo/year3/cis2750/a3/src/build/tcl/Deployment -framework Tcl'
TCL_PATCH_LEVEL='.7'
TCL_SHLIB_LD_LIBS='${LIBS}'
TCL_SRC_DIR='/Users/dominickhera/posaRepo/year3/cis2750/a3/src/tcl8.6.7'
TCL_STUB_LIB_FILE='libtclstub8.6.a'
TCL_STUB_LIB_FLAG='-ltclstub8.6'
TCL_STUB_LIB_SPEC='-L/Users/dominickhera/posaRepo/year3/cis2750/a3/src/build/tcl/Deployment -ltclstub8.6'
TCL_THREADS='1'
TCL_VERSION='8.6'
TCL_VERSION_DESIRED='8.6'
TCL_VERSION_REQ='8.5'
VC_MANIFEST_EMBED_DLL=''
VC_MANIFEST_EMBED_EXE=''
ac_ct_CC='gcc'
bindir='/usr/local/bin'
build_alias=''
datadir='${datarootdir}'
datarootdir='${prefix}/share'
docdir='${datarootdir}/doc/${PACKAGE_TARNAME}'
dvidir='${docdir}'
exec_prefix='/usr/local'
host_alias=''
htmldir='${docdir}'
includedir='${prefix}/include'
infodir='${datarootdir}/info'
libdir='/Library/Tcl'
libexecdir='${exec_prefix}/libexec'
localedir='${datarootdir}/locale'
localstatedir='${prefix}/var'
mandir='/usr/local/man'
oldincludedir='/usr/include'
pdfdir='${docdir}'
prefix='/usr/local'
program_transform_name='s,x,x,'
psdir='${docdir}'
sbindir='${exec_prefix}/sbin'
sharedstatedir='${prefix}/com'
sysconfdir='${prefix}/etc'
target_alias=''
tcloo_BIN_DIR=''
tcloo_LIB_FILE=''
tcloo_LIB_SPEC=''
tcloo_SRC_DIR=''
tcloo_STUB_LIB_FILE=''
tcloo_STUB_LIB_PATH=''
tcloo_STUB_LIB_SPEC=''
tcloo_VERSION=''
tdbc_BUILD_INCLUDE_SPEC='-I/Users/dominickhera/posaRepo/year3/cis2750/a3/src/tcl8.6.7/pkgs/tdbc1.0.5/generic'
tdbc_BUILD_LIB_SPEC='-L/Users/dominickhera/posaRepo/year3/cis2750/a3/src/build/tcl/Deployment/pkgs/tdbc1.0.5 -ltdbc1.0.5'
tdbc_BUILD_STUB_LIB_PATH='/Users/dominickhera/posaRepo/year3/cis2750/a3/src/build/tcl/Deployment/pkgs/tdbc1.0.5/libtdbcstub1.0.5.a'
tdbc_BUILD_STUB_LIB_SPEC='-L/Users/dominickhera/posaRepo/year3/cis2750/a3/src/build/tcl/Deployment/pkgs/tdbc1.0.5 -ltdbcstub1.0.5'
tdbc_INCLUDE_SPEC='-I/usr/local/include'
tdbc_LIB_DIR='/Library/Tcl/tdbc1.0.5'
tdbc_LIB_SPEC='-L/Library/Tcl/tdbc1.0.5 -ltdbc1.0.5'
tdbc_SRC_DIR='/Users/dominickhera/posaRepo/year3/cis2750/a3/src/tcl8.6.7/pkgs/tdbc1.0.5'
tdbc_STUB_LIB_PATH='/Library/Tcl/tdbc1.0.5/libtdbcstub1.0.5.a'
tdbc_STUB_LIB_SPEC='-L/Library/Tcl/tdbc1.0.5 -ltdbcstub1.0.5'

## ----------- ##
## confdefs.h. ##
## ----------- ##

/* confdefs.h */
#define PACKAGE_NAME "tdbc"
#define PACKAGE_TARNAME "tdbc"
#define PACKAGE_VERSION "1.0.5"
#define PACKAGE_STRING "tdbc 1.0.5"
#define PACKAGE_BUGREPORT ""
#define PACKAGE_URL ""
#define BUILD_tdbc /**/
#define STDC_HEADERS 1
#define HAVE_SYS_TYPES_H 1
#define HAVE_SYS_STAT_H 1
#define HAVE_STDLIB_H 1
#define HAVE_STRING_H 1
#define HAVE_MEMORY_H 1
#define HAVE_STRINGS_H 1
#define HAVE_INTTYPES_H 1
#define HAVE_STDINT_H 1
#define HAVE_UNISTD_H 1
#define NO_VALUES_H 1
#define HAVE_LIMITS_H 1
#define HAVE_SYS_PARAM_H 1
#define USE_THREAD_ALLOC 1
#define _REENTRANT 1
#define _THREAD_SAFE 1
#define TCL_THREADS 1
#define USE_TCL_STUBS 1
#define USE_TCLOO_STUBS 1
#define MODULE_SCOPE extern __attribute__((__visibility__("hidden")))
#define HAVE_HIDDEN 1
#define HAVE_CAST_TO_UNION 1
#define TCL_WIDE_INT_IS_LONG 1
#define USE_TCL_STUBS 1

configure: exit 0
